1743767368.546869 client started (596577): version 3.4, socket /tmp/tmux-1000/default, protocol 8
1743767368.546885 on Linux 6.11.0-21-generic #21~24.04.1-Ubuntu SMP PREEMPT_DYNAMIC Mon Feb 24 16:52:15 UTC 2
1743767368.546887 using libevent 2.1.12-stable poll
1743767368.546889 using ncurses 6.4 20240113
1743767368.546899 flags are 0x18010000
1743767368.546906 socket is /tmp/tmux-1000/default
1743767368.546916 trying connect
1743767368.546926 connect failed: No such file or directory
1743767368.546932 lock file is /tmp/tmux-1000/default.lock
1743767368.546945 flock succeeded
1743767368.546947 got lock (6)
1743767368.546950 trying connect
1743767368.546954 connect failed: No such file or directory
1743767368.547205 add peer 0x63adb2808810: 7 ((nil))
1743767368.547498 sending message 100 to peer 0x63adb2808810 (4 bytes)
1743767368.547502 sending message 111 to peer 0x63adb2808810 (8 bytes)
1743767368.547504 sending message 101 to peer 0x63adb2808810 (15 bytes)
1743767368.547505 sending message 109 to peer 0x63adb2808810 (4 bytes)
1743767368.547507 sending message 102 to peer 0x63adb2808810 (11 bytes)
1743767368.547509 sending message 108 to peer 0x63adb2808810 (26 bytes)
1743767368.547510 sending message 112 to peer 0x63adb2808810 (58 bytes)
1743767368.547512 sending message 112 to peer 0x63adb2808810 (5 bytes)
1743767368.547514 sending message 112 to peer 0x63adb2808810 (5 bytes)
1743767368.547515 sending message 112 to peer 0x63adb2808810 (6 bytes)
1743767368.547517 sending message 112 to peer 0x63adb2808810 (6 bytes)
1743767368.547518 sending message 112 to peer 0x63adb2808810 (11 bytes)
1743767368.547520 sending message 112 to peer 0x63adb2808810 (10 bytes)
1743767368.547522 sending message 112 to peer 0x63adb2808810 (13 bytes)
1743767368.547523 sending message 112 to peer 0x63adb2808810 (14 bytes)
1743767368.547525 sending message 112 to peer 0x63adb2808810 (19 bytes)
1743767368.547526 sending message 112 to peer 0x63adb2808810 (11 bytes)
1743767368.547528 sending message 112 to peer 0x63adb2808810 (10 bytes)
1743767368.547530 sending message 112 to peer 0x63adb2808810 (15 bytes)
1743767368.547531 sending message 112 to peer 0x63adb2808810 (21 bytes)
1743767368.547533 sending message 112 to peer 0x63adb2808810 (13 bytes)
1743767368.547534 sending message 112 to peer 0x63adb2808810 (7 bytes)
1743767368.547536 sending message 112 to peer 0x63adb2808810 (13 bytes)
1743767368.547538 sending message 112 to peer 0x63adb2808810 (7 bytes)
1743767368.547539 sending message 112 to peer 0x63adb2808810 (13 bytes)
1743767368.547541 sending message 112 to peer 0x63adb2808810 (9 bytes)
1743767368.547542 sending message 112 to peer 0x63adb2808810 (21 bytes)
1743767368.547544 sending message 112 to peer 0x63adb2808810 (13 bytes)
1743767368.547545 sending message 112 to peer 0x63adb2808810 (9 bytes)
1743767368.547547 sending message 112 to peer 0x63adb2808810 (16 bytes)
1743767368.547549 sending message 112 to peer 0x63adb2808810 (13 bytes)
1743767368.547550 sending message 112 to peer 0x63adb2808810 (9 bytes)
1743767368.547552 sending message 112 to peer 0x63adb2808810 (9 bytes)
1743767368.547553 sending message 112 to peer 0x63adb2808810 (12 bytes)
1743767368.547555 sending message 112 to peer 0x63adb2808810 (8 bytes)
1743767368.547556 sending message 112 to peer 0x63adb2808810 (8 bytes)
1743767368.547558 sending message 112 to peer 0x63adb2808810 (13 bytes)
1743767368.547560 sending message 112 to peer 0x63adb2808810 (7 bytes)
1743767368.547561 sending message 112 to peer 0x63adb2808810 (7 bytes)
1743767368.547563 sending message 112 to peer 0x63adb2808810 (9 bytes)
1743767368.547564 sending message 112 to peer 0x63adb2808810 (9 bytes)
1743767368.547566 sending message 112 to peer 0x63adb2808810 (15 bytes)
1743767368.547568 sending message 112 to peer 0x63adb2808810 (13 bytes)
1743767368.547569 sending message 112 to peer 0x63adb2808810 (12 bytes)
1743767368.547571 sending message 112 to peer 0x63adb2808810 (8 bytes)
1743767368.547572 sending message 112 to peer 0x63adb2808810 (14 bytes)
1743767368.547574 sending message 112 to peer 0x63adb2808810 (11 bytes)
1743767368.547582 sending message 112 to peer 0x63adb2808810 (9 bytes)
1743767368.547584 sending message 112 to peer 0x63adb2808810 (10 bytes)
1743767368.547585 sending message 112 to peer 0x63adb2808810 (10 bytes)
1743767368.547587 sending message 112 to peer 0x63adb2808810 (10 bytes)
1743767368.547588 sending message 112 to peer 0x63adb2808810 (10 bytes)
1743767368.547590 sending message 112 to peer 0x63adb2808810 (11 bytes)
1743767368.547591 sending message 112 to peer 0x63adb2808810 (12 bytes)
1743767368.547593 sending message 112 to peer 0x63adb2808810 (12 bytes)
1743767368.547595 sending message 112 to peer 0x63adb2808810 (12 bytes)
1743767368.547596 sending message 112 to peer 0x63adb2808810 (12 bytes)
1743767368.547598 sending message 112 to peer 0x63adb2808810 (12 bytes)
1743767368.547599 sending message 112 to peer 0x63adb2808810 (11 bytes)
1743767368.547601 sending message 112 to peer 0x63adb2808810 (11 bytes)
1743767368.547603 sending message 112 to peer 0x63adb2808810 (12 bytes)
1743767368.547604 sending message 112 to peer 0x63adb2808810 (12 bytes)
1743767368.547606 sending message 112 to peer 0x63adb2808810 (12 bytes)
1743767368.547607 sending message 112 to peer 0x63adb2808810 (12 bytes)
1743767368.547609 sending message 112 to peer 0x63adb2808810 (12 bytes)
1743767368.547610 sending message 112 to peer 0x63adb2808810 (9 bytes)
1743767368.547612 sending message 112 to peer 0x63adb2808810 (12 bytes)
1743767368.547614 sending message 112 to peer 0x63adb2808810 (13 bytes)
1743767368.547615 sending message 112 to peer 0x63adb2808810 (13 bytes)
1743767368.547617 sending message 112 to peer 0x63adb2808810 (13 bytes)
1743767368.547618 sending message 112 to peer 0x63adb2808810 (13 bytes)
1743767368.547620 sending message 112 to peer 0x63adb2808810 (13 bytes)
1743767368.547621 sending message 112 to peer 0x63adb2808810 (8 bytes)
1743767368.547623 sending message 112 to peer 0x63adb2808810 (11 bytes)
1743767368.547625 sending message 112 to peer 0x63adb2808810 (11 bytes)
1743767368.547626 sending message 112 to peer 0x63adb2808810 (11 bytes)
1743767368.547628 sending message 112 to peer 0x63adb2808810 (12 bytes)
1743767368.547630 sending message 112 to peer 0x63adb2808810 (12 bytes)
1743767368.547631 sending message 112 to peer 0x63adb2808810 (12 bytes)
1743767368.547633 sending message 112 to peer 0x63adb2808810 (12 bytes)
1743767368.547634 sending message 112 to peer 0x63adb2808810 (13 bytes)
1743767368.547636 sending message 112 to peer 0x63adb2808810 (13 bytes)
1743767368.547638 sending message 112 to peer 0x63adb2808810 (13 bytes)
1743767368.547639 sending message 112 to peer 0x63adb2808810 (8 bytes)
1743767368.547641 sending message 112 to peer 0x63adb2808810 (13 bytes)
1743767368.547642 sending message 112 to peer 0x63adb2808810 (13 bytes)
1743767368.547644 sending message 112 to peer 0x63adb2808810 (13 bytes)
1743767368.547646 sending message 112 to peer 0x63adb2808810 (13 bytes)
1743767368.547647 sending message 112 to peer 0x63adb2808810 (13 bytes)
1743767368.547649 sending message 112 to peer 0x63adb2808810 (12 bytes)
1743767368.547651 sending message 112 to peer 0x63adb2808810 (12 bytes)
1743767368.547652 sending message 112 to peer 0x63adb2808810 (12 bytes)
1743767368.547654 sending message 112 to peer 0x63adb2808810 (12 bytes)
1743767368.547655 sending message 112 to peer 0x63adb2808810 (13 bytes)
1743767368.547657 sending message 112 to peer 0x63adb2808810 (8 bytes)
1743767368.547659 sending message 112 to peer 0x63adb2808810 (13 bytes)
1743767368.547660 sending message 112 to peer 0x63adb2808810 (13 bytes)
1743767368.547662 sending message 112 to peer 0x63adb2808810 (13 bytes)
1743767368.547663 sending message 112 to peer 0x63adb2808810 (13 bytes)
1743767368.547665 sending message 112 to peer 0x63adb2808810 (13 bytes)
1743767368.547667 sending message 112 to peer 0x63adb2808810 (13 bytes)
1743767368.547668 sending message 112 to peer 0x63adb2808810 (13 bytes)
1743767368.547670 sending message 112 to peer 0x63adb2808810 (12 bytes)
1743767368.547672 sending message 112 to peer 0x63adb2808810 (12 bytes)
1743767368.547677 sending message 112 to peer 0x63adb2808810 (12 bytes)
1743767368.547678 sending message 112 to peer 0x63adb2808810 (8 bytes)
1743767368.547680 sending message 112 to peer 0x63adb2808810 (12 bytes)
1743767368.547681 sending message 112 to peer 0x63adb2808810 (13 bytes)
1743767368.547683 sending message 112 to peer 0x63adb2808810 (13 bytes)
1743767368.547685 sending message 112 to peer 0x63adb2808810 (13 bytes)
1743767368.547686 sending message 112 to peer 0x63adb2808810 (13 bytes)
1743767368.547688 sending message 112 to peer 0x63adb2808810 (13 bytes)
1743767368.547689 sending message 112 to peer 0x63adb2808810 (13 bytes)
1743767368.547691 sending message 112 to peer 0x63adb2808810 (13 bytes)
1743767368.547693 sending message 112 to peer 0x63adb2808810 (13 bytes)
1743767368.547694 sending message 112 to peer 0x63adb2808810 (12 bytes)
1743767368.547696 sending message 112 to peer 0x63adb2808810 (10 bytes)
1743767368.547697 sending message 112 to peer 0x63adb2808810 (12 bytes)
1743767368.547699 sending message 112 to peer 0x63adb2808810 (12 bytes)
1743767368.547701 sending message 112 to peer 0x63adb2808810 (12 bytes)
1743767368.547702 sending message 112 to peer 0x63adb2808810 (13 bytes)
1743767368.547704 sending message 112 to peer 0x63adb2808810 (13 bytes)
1743767368.547705 sending message 112 to peer 0x63adb2808810 (13 bytes)
1743767368.547707 sending message 112 to peer 0x63adb2808810 (13 bytes)
1743767368.547709 sending message 112 to peer 0x63adb2808810 (13 bytes)
1743767368.547710 sending message 112 to peer 0x63adb2808810 (13 bytes)
1743767368.547712 sending message 112 to peer 0x63adb2808810 (13 bytes)
1743767368.547713 sending message 112 to peer 0x63adb2808810 (10 bytes)
1743767368.547715 sending message 112 to peer 0x63adb2808810 (13 bytes)
1743767368.547717 sending message 112 to peer 0x63adb2808810 (12 bytes)
1743767368.547718 sending message 112 to peer 0x63adb2808810 (12 bytes)
1743767368.547720 sending message 112 to peer 0x63adb2808810 (12 bytes)
1743767368.547721 sending message 112 to peer 0x63adb2808810 (10 bytes)
1743767368.547723 sending message 112 to peer 0x63adb2808810 (10 bytes)
1743767368.547725 sending message 112 to peer 0x63adb2808810 (10 bytes)
1743767368.547726 sending message 112 to peer 0x63adb2808810 (12 bytes)
1743767368.547728 sending message 112 to peer 0x63adb2808810 (13 bytes)
1743767368.547729 sending message 112 to peer 0x63adb2808810 (13 bytes)
1743767368.547731 sending message 112 to peer 0x63adb2808810 (13 bytes)
1743767368.547733 sending message 112 to peer 0x63adb2808810 (13 bytes)
1743767368.547734 sending message 112 to peer 0x63adb2808810 (13 bytes)
1743767368.547736 sending message 112 to peer 0x63adb2808810 (10 bytes)
1743767368.547737 sending message 112 to peer 0x63adb2808810 (11 bytes)
1743767368.547739 sending message 112 to peer 0x63adb2808810 (12 bytes)
1743767368.547741 sending message 112 to peer 0x63adb2808810 (12 bytes)
1743767368.547742 sending message 112 to peer 0x63adb2808810 (12 bytes)
1743767368.547744 sending message 112 to peer 0x63adb2808810 (12 bytes)
1743767368.547746 sending message 112 to peer 0x63adb2808810 (12 bytes)
1743767368.547747 sending message 112 to peer 0x63adb2808810 (11 bytes)
1743767368.547749 sending message 112 to peer 0x63adb2808810 (12 bytes)
1743767368.547750 sending message 112 to peer 0x63adb2808810 (12 bytes)
1743767368.547752 sending message 112 to peer 0x63adb2808810 (13 bytes)
1743767368.547754 sending message 112 to peer 0x63adb2808810 (13 bytes)
1743767368.547755 sending message 112 to peer 0x63adb2808810 (13 bytes)
1743767368.547757 sending message 112 to peer 0x63adb2808810 (13 bytes)
1743767368.547758 sending message 112 to peer 0x63adb2808810 (13 bytes)
1743767368.547760 sending message 112 to peer 0x63adb2808810 (10 bytes)
1743767368.547762 sending message 112 to peer 0x63adb2808810 (9 bytes)
1743767368.547763 sending message 112 to peer 0x63adb2808810 (12 bytes)
1743767368.547765 sending message 112 to peer 0x63adb2808810 (13 bytes)
1743767368.547766 sending message 112 to peer 0x63adb2808810 (13 bytes)
1743767368.547771 sending message 112 to peer 0x63adb2808810 (13 bytes)
1743767368.547773 sending message 112 to peer 0x63adb2808810 (13 bytes)
1743767368.547774 sending message 112 to peer 0x63adb2808810 (13 bytes)
1743767368.547776 sending message 112 to peer 0x63adb2808810 (9 bytes)
1743767368.547778 sending message 112 to peer 0x63adb2808810 (12 bytes)
1743767368.547779 sending message 112 to peer 0x63adb2808810 (13 bytes)
1743767368.547781 sending message 112 to peer 0x63adb2808810 (13 bytes)
1743767368.547782 sending message 112 to peer 0x63adb2808810 (13 bytes)
1743767368.547784 sending message 112 to peer 0x63adb2808810 (13 bytes)
1743767368.547786 sending message 112 to peer 0x63adb2808810 (13 bytes)
1743767368.547787 sending message 112 to peer 0x63adb2808810 (11 bytes)
1743767368.547789 sending message 112 to peer 0x63adb2808810 (12 bytes)
1743767368.547791 sending message 112 to peer 0x63adb2808810 (13 bytes)
1743767368.547792 sending message 112 to peer 0x63adb2808810 (13 bytes)
1743767368.547794 sending message 112 to peer 0x63adb2808810 (13 bytes)
1743767368.547796 sending message 112 to peer 0x63adb2808810 (13 bytes)
1743767368.547797 sending message 112 to peer 0x63adb2808810 (13 bytes)
1743767368.547799 sending message 112 to peer 0x63adb2808810 (11 bytes)
1743767368.547800 sending message 112 to peer 0x63adb2808810 (12 bytes)
1743767368.547802 sending message 112 to peer 0x63adb2808810 (12 bytes)
1743767368.547804 sending message 112 to peer 0x63adb2808810 (12 bytes)
1743767368.547805 sending message 112 to peer 0x63adb2808810 (12 bytes)
1743767368.547807 sending message 112 to peer 0x63adb2808810 (12 bytes)
1743767368.547809 sending message 112 to peer 0x63adb2808810 (21 bytes)
1743767368.547810 sending message 112 to peer 0x63adb2808810 (12 bytes)
1743767368.547812 sending message 112 to peer 0x63adb2808810 (9 bytes)
1743767368.547814 sending message 112 to peer 0x63adb2808810 (6 bytes)
1743767368.547815 sending message 112 to peer 0x63adb2808810 (13 bytes)
1743767368.547817 sending message 112 to peer 0x63adb2808810 (10 bytes)
1743767368.547819 sending message 112 to peer 0x63adb2808810 (24 bytes)
1743767368.547820 sending message 112 to peer 0x63adb2808810 (13 bytes)
1743767368.547822 sending message 112 to peer 0x63adb2808810 (9 bytes)
1743767368.547824 sending message 112 to peer 0x63adb2808810 (70 bytes)
1743767368.547825 sending message 112 to peer 0x63adb2808810 (69 bytes)
1743767368.547827 sending message 112 to peer 0x63adb2808810 (12 bytes)
1743767368.547829 sending message 112 to peer 0x63adb2808810 (10 bytes)
1743767368.547830 sending message 112 to peer 0x63adb2808810 (10 bytes)
1743767368.547832 sending message 112 to peer 0x63adb2808810 (24 bytes)
1743767368.547834 sending message 112 to peer 0x63adb2808810 (13 bytes)
1743767368.547835 sending message 112 to peer 0x63adb2808810 (10 bytes)
1743767368.547837 sending message 112 to peer 0x63adb2808810 (10 bytes)
1743767368.547839 sending message 112 to peer 0x63adb2808810 (10 bytes)
1743767368.547841 sending message 112 to peer 0x63adb2808810 (13 bytes)
1743767368.547842 sending message 112 to peer 0x63adb2808810 (15 bytes)
1743767368.547845 sending message 112 to peer 0x63adb2808810 (5 bytes)
1743767368.547848 sending message 104 to peer 0x63adb2808810 (0 bytes)
1743767368.547850 sending message 110 to peer 0x63adb2808810 (0 bytes)
1743767368.547853 sending message 107 to peer 0x63adb2808810 (4 bytes)
1743767368.547855 sending message 105 to peer 0x63adb2808810 (34 bytes)
1743767368.547858 sending message 105 to peer 0x63adb2808810 (41 bytes)
1743767368.547860 sending message 105 to peer 0x63adb2808810 (150 bytes)
1743767368.547862 sending message 105 to peer 0x63adb2808810 (86 bytes)
1743767368.547864 sending message 105 to peer 0x63adb2808810 (17 bytes)
1743767368.547867 sending message 105 to peer 0x63adb2808810 (34 bytes)
1743767368.547869 sending message 105 to peer 0x63adb2808810 (22 bytes)
1743767368.547871 sending message 105 to peer 0x63adb2808810 (34 bytes)
1743767368.547874 sending message 105 to peer 0x63adb2808810 (33 bytes)
1743767368.547880 sending message 105 to peer 0x63adb2808810 (18 bytes)
1743767368.547882 sending message 105 to peer 0x63adb2808810 (52 bytes)
1743767368.547884 sending message 105 to peer 0x63adb2808810 (23 bytes)
1743767368.547886 sending message 105 to peer 0x63adb2808810 (10 bytes)
1743767368.547888 sending message 105 to peer 0x63adb2808810 (23 bytes)
1743767368.547889 sending message 105 to peer 0x63adb2808810 (73 bytes)
1743767368.547891 sending message 105 to peer 0x63adb2808810 (16 bytes)
1743767368.547893 sending message 105 to peer 0x63adb2808810 (54 bytes)
1743767368.547895 sending message 105 to peer 0x63adb2808810 (34 bytes)
1743767368.547896 sending message 105 to peer 0x63adb2808810 (28 bytes)
1743767368.547898 sending message 105 to peer 0x63adb2808810 (45 bytes)
1743767368.547900 sending message 105 to peer 0x63adb2808810 (13 bytes)
1743767368.547901 sending message 105 to peer 0x63adb2808810 (27 bytes)
1743767368.547903 sending message 105 to peer 0x63adb2808810 (35 bytes)
1743767368.547905 sending message 105 to peer 0x63adb2808810 (19 bytes)
1743767368.547907 sending message 105 to peer 0x63adb2808810 (44 bytes)
1743767368.547910 sending message 105 to peer 0x63adb2808810 (17 bytes)
1743767368.547912 sending message 105 to peer 0x63adb2808810 (47 bytes)
1743767368.547914 sending message 105 to peer 0x63adb2808810 (13 bytes)
1743767368.547916 sending message 105 to peer 0x63adb2808810 (30 bytes)
1743767368.547918 sending message 105 to peer 0x63adb2808810 (32 bytes)
1743767368.547921 sending message 105 to peer 0x63adb2808810 (51 bytes)
1743767368.547923 sending message 105 to peer 0x63adb2808810 (179 bytes)
1743767368.547925 sending message 105 to peer 0x63adb2808810 (193 bytes)
1743767368.547927 sending message 105 to peer 0x63adb2808810 (19 bytes)
1743767368.547930 sending message 105 to peer 0x63adb2808810 (21 bytes)
1743767368.547932 sending message 105 to peer 0x63adb2808810 (73 bytes)
1743767368.547934 sending message 105 to peer 0x63adb2808810 (31 bytes)
1743767368.547937 sending message 105 to peer 0x63adb2808810 (20 bytes)
1743767368.547939 sending message 105 to peer 0x63adb2808810 (14 bytes)
1743767368.547941 sending message 105 to peer 0x63adb2808810 (35 bytes)
1743767368.547943 sending message 105 to peer 0x63adb2808810 (140 bytes)
1743767368.547944 sending message 105 to peer 0x63adb2808810 (20 bytes)
1743767368.547946 sending message 105 to peer 0x63adb2808810 (41 bytes)
1743767368.547948 sending message 105 to peer 0x63adb2808810 (30 bytes)
1743767368.547949 sending message 105 to peer 0x63adb2808810 (11 bytes)
1743767368.547951 sending message 105 to peer 0x63adb2808810 (20 bytes)
1743767368.547953 sending message 105 to peer 0x63adb2808810 (18 bytes)
1743767368.547954 sending message 105 to peer 0x63adb2808810 (23 bytes)
1743767368.547956 sending message 105 to peer 0x63adb2808810 (35 bytes)
1743767368.547957 sending message 105 to peer 0x63adb2808810 (8 bytes)
1743767368.547959 sending message 105 to peer 0x63adb2808810 (18 bytes)
1743767368.547961 sending message 105 to peer 0x63adb2808810 (12 bytes)
1743767368.547963 sending message 105 to peer 0x63adb2808810 (20 bytes)
1743767368.547964 sending message 105 to peer 0x63adb2808810 (26 bytes)
1743767368.547966 sending message 105 to peer 0x63adb2808810 (11 bytes)
1743767368.547975 sending message 105 to peer 0x63adb2808810 (8 bytes)
1743767368.547980 sending message 105 to peer 0x63adb2808810 (32 bytes)
1743767368.547982 sending message 105 to peer 0x63adb2808810 (1817 bytes)
1743767368.547991 sending message 105 to peer 0x63adb2808810 (10 bytes)
1743767368.547993 sending message 105 to peer 0x63adb2808810 (24 bytes)
1743767368.547995 sending message 105 to peer 0x63adb2808810 (24 bytes)
1743767368.547997 sending message 105 to peer 0x63adb2808810 (16 bytes)
1743767368.547998 sending message 105 to peer 0x63adb2808810 (16 bytes)
1743767368.548000 sending message 105 to peer 0x63adb2808810 (16 bytes)
1743767368.548002 sending message 106 to peer 0x63adb2808810 (0 bytes)
1743767368.548035 sending message 200 to peer 0x63adb2808810 (4 bytes)
1743767368.548044 client loop enter
1743767368.548053 client_signal: Child exited
1743767368.578209 peer 0x63adb2808810 message 207
1743767368.578219 sending message 208 to peer 0x63adb2808810 (0 bytes)
1743767372.174891 peer 0x63adb2808810 message 203
1743767372.174898 sending message 205 to peer 0x63adb2808810 (0 bytes)
1743767372.175086 peer 0x63adb2808810 message 204
1743767372.175092 client loop exit
